<?xml version="1.0" encoding="UTF-8"?>
<testsuite xmlns:xsi="http://www.w3.org/2001/XMLSchema-instance" xsi:noNamespaceSchemaLocation="https://maven.apache.org/surefire/maven-surefire-plugin/xsd/surefire-test-report-3.0.xsd" version="3.0" name="com.docencia.hotel.persistence.jpa.BookingJpaRepositoryTest" time="3.194" tests="3" errors="0" skipped="0" failures="0">
  <properties>
[...]
</properties>
  <testcase name="findByRoomIdAndDatesDetectsOverlaps" classname="com.docencia.hotel.persistence.jpa.BookingJpaRepositoryTest" time="0.213">
    <system-out><![CDATA[21:28:45.969 [main] INFO org.springframework.test.context.support.AnnotationConfigContextLoaderUtils -- Could not detect default configuration classes for test class [com.docencia.hotel.persistence.jpa.BookingJpaRepositoryTest]: BookingJpaRepositoryTest does not declare any static, non-private, non-final, nested classes annotated with @Configuration.
21:28:46.129 [main] INFO org.springframework.boot.test.context.SpringBootTestContextBootstrapper -- Found @SpringBootConfiguration com.docencia.Application for test class com.docencia.hotel.persistence.jpa.BookingJpaRepositoryTest

  .   ____          _            __ _ _
 /\\ / ___'_ __ _ _(_)_ __  __ _ \ \ \ \
( ( )\___ | '_ | '_| | '_ \/ _` | \ \ \ \
 \\/  ___)| |_)| | | | | || (_| |  ) ) ) )
  '  |____| .__|_| |_|_| |_\__, | / / / /
 =========|_|==============|___/=/_/_/_/
 :: Spring Boot ::                (v3.2.5)

2025-11-07T21:28:46.433Z  INFO 40929 --- [           main] c.d.h.p.jpa.BookingJpaRepositoryTest     : Starting BookingJpaRepositoryTest using Java 17.0.16 with PID 40929 (started by fran in /Users/fran/Desktop/springBootCRUD/docencia-notes)
2025-11-07T21:28:46.434Z  INFO 40929 --- [           main] c.d.h.p.jpa.BookingJpaRepositoryTest     : No active profile set, falling back to 1 default profile: "default"
2025-11-07T21:28:46.640Z  INFO 40929 --- [           main] .s.d.r.c.RepositoryConfigurationDelegate : Bootstrapping Spring Data JPA repositories in DEFAULT mode.
2025-11-07T21:28:46.678Z  INFO 40929 --- [           main] .s.d.r.c.RepositoryConfigurationDelegate : Finished Spring Data repository scanning in 32 ms. Found 4 JPA repository interfaces.
2025-11-07T21:28:46.967Z  INFO 40929 --- [           main] o.hibernate.jpa.internal.util.LogHelper  : HHH000204: Processing PersistenceUnitInfo [name: default]
2025-11-07T21:28:47.030Z  INFO 40929 --- [           main] org.hibernate.Version                    : HHH000412: Hibernate ORM core version 6.4.4.Final
2025-11-07T21:28:47.060Z  INFO 40929 --- [           main] o.h.c.internal.RegionFactoryInitiator    : HHH000026: Second-level cache disabled
2025-11-07T21:28:47.155Z  INFO 40929 --- [           main] o.s.o.j.p.SpringPersistenceUnitInfo      : No LoadTimeWeaver setup: ignoring JPA class transformer
2025-11-07T21:28:47.183Z  INFO 40929 --- [           main] com.zaxxer.hikari.HikariDataSource       : HikariPool-1 - Starting...
2025-11-07T21:28:47.564Z  INFO 40929 --- [           main] com.zaxxer.hikari.pool.HikariPool        : HikariPool-1 - Added connection org.sqlite.jdbc4.JDBC4Connection@5621119d
2025-11-07T21:28:47.565Z  INFO 40929 --- [           main] com.zaxxer.hikari.HikariDataSource       : HikariPool-1 - Start completed.
2025-11-07T21:28:48.274Z  INFO 40929 --- [           main] o.h.e.t.j.p.i.JtaPlatformInitiator       : HHH000489: No JTA platform available (set 'hibernate.transaction.jta.platform' to enable JTA platform integration)
Hibernate: drop table if exists booking
Hibernate: drop table if exists guest
Hibernate: drop table if exists hotel
Hibernate: drop table if exists room
Hibernate: create table booking (check_in date not null, check_out date not null, guest_id varchar(255) not null, id varchar(255) not null, room_id varchar(255) not null, primary key (id))
Hibernate: create table guest (email varchar(255) not null, id varchar(255) not null, nombre varchar(255) not null, telefono varchar(255) not null, primary key (id))
Hibernate: create table hotel (direccion varchar(255) not null, id varchar(255) not null, nombre varchar(255) not null, primary key (id))
Hibernate: create table room (numero_habitacion integer not null, precio float not null, hotel_id varchar(255) not null, id varchar(255) not null, tipo varchar(255) not null, primary key (id))
2025-11-07T21:28:48.302Z  INFO 40929 --- [           main] j.LocalContainerEntityManagerFactoryBean : Initialized JPA EntityManagerFactory for persistence unit 'default'
2025-11-07T21:28:48.707Z  INFO 40929 --- [           main] c.d.h.p.jpa.BookingJpaRepositoryTest     : Started BookingJpaRepositoryTest in 2.531 seconds (process running for 4.439)
Hibernate: select h1_0.id,h1_0.direccion,h1_0.nombre from hotel h1_0 where h1_0.id=?
Hibernate: select r1_0.id,r1_0.hotel_id,h1_0.id,h1_0.direccion,h1_0.nombre,r1_0.numero_habitacion,r1_0.precio,r1_0.tipo from room r1_0 join hotel h1_0 on h1_0.id=r1_0.hotel_id where r1_0.id=?
Hibernate: select g1_0.id,g1_0.email,g1_0.nombre,g1_0.telefono from guest g1_0 where g1_0.id=?
Hibernate: select b1_0.id,b1_0.check_in,b1_0.check_out,b1_0.guest_id,g1_0.id,g1_0.email,g1_0.nombre,g1_0.telefono,b1_0.room_id,r1_0.id,r1_0.hotel_id,h1_0.id,h1_0.direccion,h1_0.nombre,r1_0.numero_habitacion,r1_0.precio,r1_0.tipo from booking b1_0 join guest g1_0 on g1_0.id=b1_0.guest_id join room r1_0 on r1_0.id=b1_0.room_id left join hotel h1_0 on h1_0.id=r1_0.hotel_id where b1_0.id=?
Hibernate: select b1_0.id,b1_0.check_in,b1_0.check_out,b1_0.guest_id,g1_0.id,g1_0.email,g1_0.nombre,g1_0.telefono,b1_0.room_id,r1_0.id,r1_0.hotel_id,h1_0.id,h1_0.direccion,h1_0.nombre,r1_0.numero_habitacion,r1_0.precio,r1_0.tipo from booking b1_0 join guest g1_0 on g1_0.id=b1_0.guest_id join room r1_0 on r1_0.id=b1_0.room_id left join hotel h1_0 on h1_0.id=r1_0.hotel_id where b1_0.id=?
Hibernate: insert into hotel (direccion,nombre,id) values (?,?,?)
Hibernate: insert into room (hotel_id,numero_habitacion,precio,tipo,id) values (?,?,?,?,?)
Hibernate: insert into guest (email,nombre,telefono,id) values (?,?,?,?)
Hibernate: insert into booking (check_in,check_out,guest_id,room_id,id) values (?,?,?,?,?)
Hibernate: insert into booking (check_in,check_out,guest_id,room_id,id) values (?,?,?,?,?)
Hibernate: select b1_0.id,b1_0.check_in,b1_0.check_out,b1_0.guest_id,b1_0.room_id from booking b1_0 left join room r1_0 on r1_0.id=b1_0.room_id where r1_0.id=? and b1_0.check_in<=? and b1_0.check_out>=?
]]></system-out>
  </testcase>
  <testcase name="findByRoomIdReturnsBookingsForRoom" classname="com.docencia.hotel.persistence.jpa.BookingJpaRepositoryTest" time="0.013">
    <system-out><![CDATA[Hibernate: select h1_0.id,h1_0.direccion,h1_0.nombre from hotel h1_0 where h1_0.id=?
Hibernate: select r1_0.id,r1_0.hotel_id,h1_0.id,h1_0.direccion,h1_0.nombre,r1_0.numero_habitacion,r1_0.precio,r1_0.tipo from room r1_0 join hotel h1_0 on h1_0.id=r1_0.hotel_id where r1_0.id=?
Hibernate: select g1_0.id,g1_0.email,g1_0.nombre,g1_0.telefono from guest g1_0 where g1_0.id=?
Hibernate: select b1_0.id,b1_0.check_in,b1_0.check_out,b1_0.guest_id,g1_0.id,g1_0.email,g1_0.nombre,g1_0.telefono,b1_0.room_id,r1_0.id,r1_0.hotel_id,h1_0.id,h1_0.direccion,h1_0.nombre,r1_0.numero_habitacion,r1_0.precio,r1_0.tipo from booking b1_0 join guest g1_0 on g1_0.id=b1_0.guest_id join room r1_0 on r1_0.id=b1_0.room_id left join hotel h1_0 on h1_0.id=r1_0.hotel_id where b1_0.id=?
Hibernate: insert into hotel (direccion,nombre,id) values (?,?,?)
Hibernate: insert into room (hotel_id,numero_habitacion,precio,tipo,id) values (?,?,?,?,?)
Hibernate: insert into guest (email,nombre,telefono,id) values (?,?,?,?)
Hibernate: insert into booking (check_in,check_out,guest_id,room_id,id) values (?,?,?,?,?)
Hibernate: select b1_0.id,b1_0.check_in,b1_0.check_out,b1_0.guest_id,b1_0.room_id from booking b1_0 left join room r1_0 on r1_0.id=b1_0.room_id where r1_0.id=?
]]></system-out>
  </testcase>
  <testcase name="findByGuestIdReturnsBookingsForGuest" classname="com.docencia.hotel.persistence.jpa.BookingJpaRepositoryTest" time="0.011">
    <system-out><![CDATA[Hibernate: select h1_0.id,h1_0.direccion,h1_0.nombre from hotel h1_0 where h1_0.id=?
Hibernate: select r1_0.id,r1_0.hotel_id,h1_0.id,h1_0.direccion,h1_0.nombre,r1_0.numero_habitacion,r1_0.precio,r1_0.tipo from room r1_0 join hotel h1_0 on h1_0.id=r1_0.hotel_id where r1_0.id=?
Hibernate: select g1_0.id,g1_0.email,g1_0.nombre,g1_0.telefono from guest g1_0 where g1_0.id=?
Hibernate: select b1_0.id,b1_0.check_in,b1_0.check_out,b1_0.guest_id,g1_0.id,g1_0.email,g1_0.nombre,g1_0.telefono,b1_0.room_id,r1_0.id,r1_0.hotel_id,h1_0.id,h1_0.direccion,h1_0.nombre,r1_0.numero_habitacion,r1_0.precio,r1_0.tipo from booking b1_0 join guest g1_0 on g1_0.id=b1_0.guest_id join room r1_0 on r1_0.id=b1_0.room_id left join hotel h1_0 on h1_0.id=r1_0.hotel_id where b1_0.id=?
Hibernate: insert into hotel (direccion,nombre,id) values (?,?,?)
Hibernate: insert into room (hotel_id,numero_habitacion,precio,tipo,id) values (?,?,?,?,?)
Hibernate: insert into guest (email,nombre,telefono,id) values (?,?,?,?)
Hibernate: insert into booking (check_in,check_out,guest_id,room_id,id) values (?,?,?,?,?)
Hibernate: select b1_0.id,b1_0.check_in,b1_0.check_out,b1_0.guest_id,b1_0.room_id from booking b1_0 left join guest g1_0 on g1_0.id=b1_0.guest_id where g1_0.id=?
]]></system-out>
  </testcase>
</testsuite>